<?xml version='1.0' encoding='UTF-8'?>
<testsuite hostname="Vivias-iphone.localdomain" name="GradeSchoolTest" tests="7" errors="0" failures="1" skipped="0" time="0.042" timestamp="2019-10-19T13:17:53">
                     <properties>
[...]
</properties>
                     <testcase classname="GradeSchoolTest" name="empty school" time="0.019">
                                                 
                                               </testcase><testcase classname="GradeSchoolTest" name="add student" time="0.001">
                                                 
                                               </testcase><testcase classname="GradeSchoolTest" name="add more students in same class" time="0.001">
                                                 
                                               </testcase><testcase classname="GradeSchoolTest" name="add students to different grades" time="0.0">
                                                 
                                               </testcase><testcase classname="GradeSchoolTest" name="get students in a grade" time="0.001">
                                                 
                                               </testcase><testcase classname="GradeSchoolTest" name="get students in a non-existant grade" time="0.0">
                                                 
                                               </testcase><testcase classname="GradeSchoolTest" name="sort school" time="0.02">
                                                 <failure message="List(4, 3, 6) was not equal to List(3, 4, 6)" type="org.scalatest.exceptions.TestFailedException">org.scalatest.exceptions.TestFailedException: List(4, 3, 6) was not equal to List(3, 4, 6)
	at org.scalatest.MatchersHelper$.indicateFailure(MatchersHelper.scala:340)
	at org.scalatest.Matchers$ShouldMethodHelper$.shouldMatcher(Matchers.scala:6668)
	at org.scalatest.Matchers$AnyShouldWrapper.should(Matchers.scala:6704)
	at GradeSchoolTest.$anonfun$new$7(GradeSchoolTest.scala:51)
	at org.scalatest.OutcomeOf.outcomeOf(OutcomeOf.scala:85)
	at org.scalatest.OutcomeOf.outcomeOf$(OutcomeOf.scala:83)
	at org.scalatest.OutcomeOf$.outcomeOf(OutcomeOf.scala:104)
	at org.scalatest.Transformer.apply(Transformer.scala:22)
	at org.scalatest.Transformer.apply(Transformer.scala:20)
	at org.scalatest.FunSuiteLike$$anon$1.apply(FunSuiteLike.scala:186)
	at org.scalatest.TestSuite.withFixture(TestSuite.scala:196)
	at org.scalatest.TestSuite.withFixture$(TestSuite.scala:195)
	at org.scalatest.FunSuite.withFixture(FunSuite.scala:1560)
	at org.scalatest.FunSuiteLike.invokeWithFixture$1(FunSuiteLike.scala:184)
	at org.scalatest.FunSuiteLike.$anonfun$runTest$1(FunSuiteLike.scala:196)
	at org.scalatest.SuperEngine.runTestImpl(Engine.scala:289)
	at org.scalatest.FunSuiteLike.runTest(FunSuiteLike.scala:196)
	at org.scalatest.FunSuiteLike.runTest$(FunSuiteLike.scala:178)
	at GradeSchoolTest.org$scalatest$OneInstancePerTest$$super$runTest(GradeSchoolTest.scala:4)
	at org.scalatest.OneInstancePerTest.runTest(OneInstancePerTest.scala:131)
	at org.scalatest.OneInstancePerTest.runTest$(OneInstancePerTest.scala:123)
	at GradeSchoolTest.runTest(GradeSchoolTest.scala:4)
	at org.scalatest.OneInstancePerTest.runTests(OneInstancePerTest.scala:181)
	at org.scalatest.OneInstancePerTest.runTests$(OneInstancePerTest.scala:172)
	at GradeSchoolTest.runTests(GradeSchoolTest.scala:4)
	at org.scalatest.Suite.run(Suite.scala:1147)
	at org.scalatest.Suite.run$(Suite.scala:1129)
	at org.scalatest.FunSuite.org$scalatest$FunSuiteLike$$super$run(FunSuite.scala:1560)
	at org.scalatest.FunSuiteLike.$anonfun$run$1(FunSuiteLike.scala:233)
	at org.scalatest.SuperEngine.runImpl(Engine.scala:521)
	at org.scalatest.FunSuiteLike.run(FunSuiteLike.scala:233)
	at org.scalatest.FunSuiteLike.run$(FunSuiteLike.scala:232)
	at org.scalatest.FunSuite.run(FunSuite.scala:1560)
	at org.scalatest.OneInstancePerTest.runTest(OneInstancePerTest.scala:128)
	at org.scalatest.OneInstancePerTest.runTest$(OneInstancePerTest.scala:123)
	at GradeSchoolTest.runTest(GradeSchoolTest.scala:4)
	at org.scalatest.FunSuiteLike.$anonfun$runTests$1(FunSuiteLike.scala:229)
	at org.scalatest.SuperEngine.$anonfun$runTestsInBranch$1(Engine.scala:396)
	at scala.collection.immutable.List.foreach(List.scala:392)
	at org.scalatest.SuperEngine.traverseSubNodes$1(Engine.scala:384)
	at org.scalatest.SuperEngine.runTestsInBranch(Engine.scala:379)
	at org.scalatest.SuperEngine.runTestsImpl(Engine.scala:461)
	at org.scalatest.FunSuiteLike.runTests(FunSuiteLike.scala:229)
	at org.scalatest.FunSuiteLike.runTests$(FunSuiteLike.scala:228)
	at GradeSchoolTest.org$scalatest$OneInstancePerTest$$super$runTests(GradeSchoolTest.scala:4)
	at org.scalatest.OneInstancePerTest.runTests(OneInstancePerTest.scala:188)
	at org.scalatest.OneInstancePerTest.runTests$(OneInstancePerTest.scala:172)
	at GradeSchoolTest.runTests(GradeSchoolTest.scala:4)
	at org.scalatest.Suite.run(Suite.scala:1147)
	at org.scalatest.Suite.run$(Suite.scala:1129)
	at org.scalatest.FunSuite.org$scalatest$FunSuiteLike$$super$run(FunSuite.scala:1560)
	at org.scalatest.FunSuiteLike.$anonfun$run$1(FunSuiteLike.scala:233)
	at org.scalatest.SuperEngine.runImpl(Engine.scala:521)
	at org.scalatest.FunSuiteLike.run(FunSuiteLike.scala:233)
	at org.scalatest.FunSuiteLike.run$(FunSuiteLike.scala:232)
	at org.scalatest.FunSuite.run(FunSuite.scala:1560)
	at org.scalatest.tools.Framework.org$scalatest$tools$Framework$$runSuite(Framework.scala:314)
	at org.scalatest.tools.Framework$ScalaTestTask.execute(Framework.scala:507)
	at sbt.TestRunner.runTest$1(TestFramework.scala:139)
	at sbt.TestRunner.run(TestFramework.scala:154)
	at sbt.TestFramework$$anon$3$$anonfun$$lessinit$greater$1.$anonfun$apply$1(TestFramework.scala:317)
	at sbt.TestFramework$.sbt$TestFramework$$withContextLoader(TestFramework.scala:277)
	at sbt.TestFramework$$anon$3$$anonfun$$lessinit$greater$1.apply(TestFramework.scala:317)
	at sbt.TestFramework$$anon$3$$anonfun$$lessinit$greater$1.apply(TestFramework.scala:317)
	at sbt.TestFunction.apply(TestFramework.scala:329)
	at sbt.Tests$.$anonfun$toTask$1(Tests.scala:311)
	at sbt.std.Transform$$anon$3.$anonfun$apply$2(Transform.scala:46)
	at sbt.std.Transform$$anon$4.work(Transform.scala:67)
	at sbt.Execute.$anonfun$submit$2(Execute.scala:281)
	at sbt.internal.util.ErrorHandling$.wideConvert(ErrorHandling.scala:19)
	at sbt.Execute.work(Execute.scala:290)
	at sbt.Execute.$anonfun$submit$1(Execute.scala:281)
	at sbt.ConcurrentRestrictions$$anon$4.$anonfun$submitValid$1(ConcurrentRestrictions.scala:178)
	at sbt.CompletionService$$anon$2.call(CompletionService.scala:37)
	at java.util.concurrent.FutureTask.run(FutureTask.java:266)
	at java.util.concurrent.Executors$RunnableAdapter.call(Executors.java:511)
	at java.util.concurrent.FutureTask.run(FutureTask.java:266)
	at java.util.concurrent.ThreadPoolExecutor.runWorker(ThreadPoolExecutor.java:1149)
	at java.util.concurrent.ThreadPoolExecutor$Worker.run(ThreadPoolExecutor.java:624)
	at java.lang.Thread.run(Thread.java:748)
</failure>
                                               </testcase>
                     <system-out><![CDATA[]]></system-out>
                     <system-err><![CDATA[]]></system-err>
                   </testsuite>